Analysis & Synthesis report for MIPS
Fri Nov 27 13:47:14 2020
Quartus Prime Version 20.1.0 Build 711 06/05/2020 SJ Lite Edition


---------------------
; Table of Contents ;
---------------------
  1. Legal Notice
  2. Analysis & Synthesis Summary
  3. Analysis & Synthesis Settings
  4. Parallel Compilation
  5. Analysis & Synthesis Source Files Read
  6. Analysis & Synthesis Resource Usage Summary
  7. Analysis & Synthesis Resource Utilization by Entity
  8. Registers Removed During Synthesis
  9. Removed Registers Triggering Further Register Optimizations
 10. General Register Statistics
 11. Multiplexer Restructuring Statistics (Restructuring Performed)
 12. Parameter Settings for User Entity Instance: Top-level Entity: |MIPS
 13. Parameter Settings for User Entity Instance: FluxoDados:FD
 14. Parameter Settings for User Entity Instance: FluxoDados:FD|somaConstante:PCIncremento
 15. Parameter Settings for User Entity Instance: FluxoDados:FD|registradorGenerico:PC
 16. Parameter Settings for User Entity Instance: FluxoDados:FD|ROMMIPS:ROM
 17. Parameter Settings for User Entity Instance: FluxoDados:FD|muxGenerico4x1:muxRomBanco
 18. Parameter Settings for User Entity Instance: FluxoDados:FD|bancoRegistradores:bancoReg
 19. Parameter Settings for User Entity Instance: FluxoDados:FD|estendeSinalGenerico:estendeSinal
 20. Parameter Settings for User Entity Instance: FluxoDados:FD|muxGenerico2x1:muxLUI
 21. Parameter Settings for User Entity Instance: FluxoDados:FD|muxGenerico2x1:muxBancoULA
 22. Parameter Settings for User Entity Instance: FluxoDados:FD|muxGenerico4x1:muxULABanco
 23. Parameter Settings for User Entity Instance: FluxoDados:FD|muxGenerico2x1:muxBEQ
 24. Parameter Settings for User Entity Instance: FluxoDados:FD|muxGenerico4x1:muxJMP
 25. Parameter Settings for User Entity Instance: FluxoDados:FD|ULA:ULA
 26. Parameter Settings for User Entity Instance: RAMMIPS:RAM
 27. Port Connectivity Checks: "FluxoDados:FD|muxGenerico4x1:muxJMP"
 28. Port Connectivity Checks: "FluxoDados:FD|muxGenerico4x1:muxULABanco"
 29. Port Connectivity Checks: "FluxoDados:FD|muxGenerico2x1:muxLUI"
 30. Port Connectivity Checks: "FluxoDados:FD|muxGenerico4x1:muxRomBanco"
 31. Port Connectivity Checks: "FluxoDados:FD|registradorGenerico:PC"
 32. Post-Synthesis Netlist Statistics for Top Partition
 33. Elapsed Time Per Partition
 34. Analysis & Synthesis Messages



----------------
; Legal Notice ;
----------------
Copyright (C) 2020  Intel Corporation. All rights reserved.
Your use of Intel Corporation's design tools, logic functions 
and other software and tools, and any partner logic 
functions, and any output files from any of the foregoing 
(including device programming or simulation files), and any 
associated documentation or information are expressly subject 
to the terms and conditions of the Intel Program License 
Subscription Agreement, the Intel Quartus Prime License Agreement,
the Intel FPGA IP License Agreement, or other applicable license
agreement, including, without limitation, that your use is for
the sole purpose of programming logic devices manufactured by
Intel and sold by Intel or its authorized distributors.  Please
refer to the applicable agreement for further details, at
https://fpgasoftware.intel.com/eula.



+-------------------------------------------------------------------------------+
; Analysis & Synthesis Summary                                                  ;
+---------------------------------+---------------------------------------------+
; Analysis & Synthesis Status     ; Successful - Fri Nov 27 13:47:14 2020       ;
; Quartus Prime Version           ; 20.1.0 Build 711 06/05/2020 SJ Lite Edition ;
; Revision Name                   ; MIPS                                        ;
; Top-level Entity Name           ; MIPS                                        ;
; Family                          ; Cyclone V                                   ;
; Logic utilization (in ALMs)     ; N/A                                         ;
; Total registers                 ; 2912                                        ;
; Total pins                      ; 225                                         ;
; Total virtual pins              ; 0                                           ;
; Total block memory bits         ; 0                                           ;
; Total DSP Blocks                ; 0                                           ;
; Total HSSI RX PCSs              ; 0                                           ;
; Total HSSI PMA RX Deserializers ; 0                                           ;
; Total HSSI TX PCSs              ; 0                                           ;
; Total HSSI PMA TX Serializers   ; 0                                           ;
; Total PLLs                      ; 0                                           ;
; Total DLLs                      ; 0                                           ;
+---------------------------------+---------------------------------------------+


+---------------------------------------------------------------------------------------------------------------------------+
; Analysis & Synthesis Settings                                                                                             ;
+---------------------------------------------------------------------------------+--------------------+--------------------+
; Option                                                                          ; Setting            ; Default Value      ;
+---------------------------------------------------------------------------------+--------------------+--------------------+
; Device                                                                          ; 5CEBA4F23C7        ;                    ;
; Top-level entity name                                                           ; MIPS               ; MIPS               ;
; Family name                                                                     ; Cyclone V          ; Cyclone V          ;
; Maximum processors allowed for parallel compilation                             ; All                ;                    ;
; VHDL Show LMF Mapping Messages                                                  ; Off                ;                    ;
; VHDL Version                                                                    ; VHDL_2008          ; VHDL_1993          ;
; Use smart compilation                                                           ; Off                ; Off                ;
; Enable parallel Assembler and Timing Analyzer during compilation                ; On                 ; On                 ;
; Enable compact report table                                                     ; Off                ; Off                ;
; Restructure Multiplexers                                                        ; Auto               ; Auto               ;
; MLAB Add Timing Constraints For Mixed-Port Feed-Through Mode Setting Don't Care ; Off                ; Off                ;
; Create Debugging Nodes for IP Cores                                             ; Off                ; Off                ;
; Preserve fewer node names                                                       ; On                 ; On                 ;
; Intel FPGA IP Evaluation Mode                                                   ; Enable             ; Enable             ;
; Verilog Version                                                                 ; Verilog_2001       ; Verilog_2001       ;
; State Machine Processing                                                        ; Auto               ; Auto               ;
; Safe State Machine                                                              ; Off                ; Off                ;
; Extract Verilog State Machines                                                  ; On                 ; On                 ;
; Extract VHDL State Machines                                                     ; On                 ; On                 ;
; Ignore Verilog initial constructs                                               ; Off                ; Off                ;
; Iteration limit for constant Verilog loops                                      ; 5000               ; 5000               ;
; Iteration limit for non-constant Verilog loops                                  ; 250                ; 250                ;
; Add Pass-Through Logic to Inferred RAMs                                         ; On                 ; On                 ;
; Infer RAMs from Raw Logic                                                       ; On                 ; On                 ;
; Parallel Synthesis                                                              ; On                 ; On                 ;
; DSP Block Balancing                                                             ; Auto               ; Auto               ;
; NOT Gate Push-Back                                                              ; On                 ; On                 ;
; Power-Up Don't Care                                                             ; On                 ; On                 ;
; Remove Redundant Logic Cells                                                    ; Off                ; Off                ;
; Remove Duplicate Registers                                                      ; On                 ; On                 ;
; Ignore CARRY Buffers                                                            ; Off                ; Off                ;
; Ignore CASCADE Buffers                                                          ; Off                ; Off                ;
; Ignore GLOBAL Buffers                                                           ; Off                ; Off                ;
; Ignore ROW GLOBAL Buffers                                                       ; Off                ; Off                ;
; Ignore LCELL Buffers                                                            ; Off                ; Off                ;
; Ignore SOFT Buffers                                                             ; On                 ; On                 ;
; Limit AHDL Integers to 32 Bits                                                  ; Off                ; Off                ;
; Optimization Technique                                                          ; Balanced           ; Balanced           ;
; Carry Chain Length                                                              ; 70                 ; 70                 ;
; Auto Carry Chains                                                               ; On                 ; On                 ;
; Auto Open-Drain Pins                                                            ; On                 ; On                 ;
; Perform WYSIWYG Primitive Resynthesis                                           ; Off                ; Off                ;
; Auto ROM Replacement                                                            ; On                 ; On                 ;
; Auto RAM Replacement                                                            ; On                 ; On                 ;
; Auto DSP Block Replacement                                                      ; On                 ; On                 ;
; Auto Shift Register Replacement                                                 ; Auto               ; Auto               ;
; Allow Shift Register Merging across Hierarchies                                 ; Auto               ; Auto               ;
; Auto Clock Enable Replacement                                                   ; On                 ; On                 ;
; Strict RAM Replacement                                                          ; Off                ; Off                ;
; Allow Synchronous Control Signals                                               ; On                 ; On                 ;
; Force Use of Synchronous Clear Signals                                          ; Off                ; Off                ;
; Auto Resource Sharing                                                           ; Off                ; Off                ;
; Allow Any RAM Size For Recognition                                              ; Off                ; Off                ;
; Allow Any ROM Size For Recognition                                              ; Off                ; Off                ;
; Allow Any Shift Register Size For Recognition                                   ; Off                ; Off                ;
; Use LogicLock Constraints during Resource Balancing                             ; On                 ; On                 ;
; Ignore translate_off and synthesis_off directives                               ; Off                ; Off                ;
; Timing-Driven Synthesis                                                         ; On                 ; On                 ;
; Report Parameter Settings                                                       ; On                 ; On                 ;
; Report Source Assignments                                                       ; On                 ; On                 ;
; Report Connectivity Checks                                                      ; On                 ; On                 ;
; Ignore Maximum Fan-Out Assignments                                              ; Off                ; Off                ;
; Synchronization Register Chain Length                                           ; 3                  ; 3                  ;
; Power Optimization During Synthesis                                             ; Normal compilation ; Normal compilation ;
; HDL message level                                                               ; Level2             ; Level2             ;
; Suppress Register Optimization Related Messages                                 ; Off                ; Off                ;
; Number of Removed Registers Reported in Synthesis Report                        ; 5000               ; 5000               ;
; Number of Swept Nodes Reported in Synthesis Report                              ; 5000               ; 5000               ;
; Number of Inverted Registers Reported in Synthesis Report                       ; 100                ; 100                ;
; Clock MUX Protection                                                            ; On                 ; On                 ;
; Auto Gated Clock Conversion                                                     ; Off                ; Off                ;
; Block Design Naming                                                             ; Auto               ; Auto               ;
; SDC constraint protection                                                       ; Off                ; Off                ;
; Synthesis Effort                                                                ; Auto               ; Auto               ;
; Shift Register Replacement - Allow Asynchronous Clear Signal                    ; On                 ; On                 ;
; Pre-Mapping Resynthesis Optimization                                            ; Off                ; Off                ;
; Analysis & Synthesis Message Level                                              ; Medium             ; Medium             ;
; Disable Register Merging Across Hierarchies                                     ; Auto               ; Auto               ;
; Resource Aware Inference For Block RAM                                          ; On                 ; On                 ;
; Automatic Parallel Synthesis                                                    ; On                 ; On                 ;
; Partial Reconfiguration Bitstream ID                                            ; Off                ; Off                ;
+---------------------------------------------------------------------------------+--------------------+--------------------+


+------------------------------------------+
; Parallel Compilation                     ;
+----------------------------+-------------+
; Processors                 ; Number      ;
+----------------------------+-------------+
; Number detected on machine ; 8           ;
; Maximum allowed            ; 4           ;
;                            ;             ;
; Average used               ; 1.00        ;
; Maximum used               ; 4           ;
;                            ;             ;
; Usage by Processor         ; % Time Used ;
;     Processor 1            ; 100.0%      ;
;     Processor 2            ;   0.0%      ;
;     Processor 3            ;   0.0%      ;
;     Processor 4            ;   0.0%      ;
+----------------------------+-------------+


+-------------------------------------------------------------------------------------------------------------------------------------------------------------------------------+
; Analysis & Synthesis Source Files Read                                                                                                                                        ;
+----------------------------------+-----------------+-----------------+----------------------------------------------------------------------------------------------+---------+
; File Name with User-Entered Path ; Used in Netlist ; File Type       ; File Name with Absolute Path                                                                 ; Library ;
+----------------------------------+-----------------+-----------------+----------------------------------------------------------------------------------------------+---------+
; UnidadeControleULA.vhd           ; yes             ; User VHDL File  ; D:/mucha/Documents/Insper/6oSemestre/DesignComputadores/ProjetoMIPS/UnidadeControleULA.vhd   ;         ;
; UnidadeControleFD.vhd            ; yes             ; User VHDL File  ; D:/mucha/Documents/Insper/6oSemestre/DesignComputadores/ProjetoMIPS/UnidadeControleFD.vhd    ;         ;
; ULA.vhd                          ; yes             ; User VHDL File  ; D:/mucha/Documents/Insper/6oSemestre/DesignComputadores/ProjetoMIPS/ULA.vhd                  ;         ;
; somaConstante.vhd                ; yes             ; User VHDL File  ; D:/mucha/Documents/Insper/6oSemestre/DesignComputadores/ProjetoMIPS/somaConstante.vhd        ;         ;
; ROMMIPS.vhd                      ; yes             ; User VHDL File  ; D:/mucha/Documents/Insper/6oSemestre/DesignComputadores/ProjetoMIPS/ROMMIPS.vhd              ;         ;
; registradorGenerico.vhd          ; yes             ; User VHDL File  ; D:/mucha/Documents/Insper/6oSemestre/DesignComputadores/ProjetoMIPS/registradorGenerico.vhd  ;         ;
; RAMMIPS.vhd                      ; yes             ; User VHDL File  ; D:/mucha/Documents/Insper/6oSemestre/DesignComputadores/ProjetoMIPS/RAMMIPS.vhd              ;         ;
; muxGenerico2x1.vhd               ; yes             ; User VHDL File  ; D:/mucha/Documents/Insper/6oSemestre/DesignComputadores/ProjetoMIPS/muxGenerico2x1.vhd       ;         ;
; FluxoDados.vhd                   ; yes             ; User VHDL File  ; D:/mucha/Documents/Insper/6oSemestre/DesignComputadores/ProjetoMIPS/FluxoDados.vhd           ;         ;
; estendeSinalGenerico.vhd         ; yes             ; User VHDL File  ; D:/mucha/Documents/Insper/6oSemestre/DesignComputadores/ProjetoMIPS/estendeSinalGenerico.vhd ;         ;
; constantesMIPS.vhd               ; yes             ; User VHDL File  ; D:/mucha/Documents/Insper/6oSemestre/DesignComputadores/ProjetoMIPS/constantesMIPS.vhd       ;         ;
; bancoRegistradores.vhd           ; yes             ; User VHDL File  ; D:/mucha/Documents/Insper/6oSemestre/DesignComputadores/ProjetoMIPS/bancoRegistradores.vhd   ;         ;
; MIPS.vhd                         ; yes             ; User VHDL File  ; D:/mucha/Documents/Insper/6oSemestre/DesignComputadores/ProjetoMIPS/MIPS.vhd                 ;         ;
; muxGenerico4x1.vhd               ; yes             ; User VHDL File  ; D:/mucha/Documents/Insper/6oSemestre/DesignComputadores/ProjetoMIPS/muxGenerico4x1.vhd       ;         ;
+----------------------------------+-----------------+-----------------+----------------------------------------------------------------------------------------------+---------+


+--------------------------------------------------------------+
; Analysis & Synthesis Resource Usage Summary                  ;
+---------------------------------------------+----------------+
; Resource                                    ; Usage          ;
+---------------------------------------------+----------------+
; Estimate of Logic utilization (ALMs needed) ; 2287           ;
;                                             ;                ;
; Combinational ALUT usage for logic          ; 1877           ;
;     -- 7 input functions                    ; 161            ;
;     -- 6 input functions                    ; 995            ;
;     -- 5 input functions                    ; 305            ;
;     -- 4 input functions                    ; 99             ;
;     -- <=3 input functions                  ; 317            ;
;                                             ;                ;
; Dedicated logic registers                   ; 2912           ;
;                                             ;                ;
; I/O pins                                    ; 225            ;
;                                             ;                ;
; Total DSP Blocks                            ; 0              ;
;                                             ;                ;
; Maximum fan-out node                        ; CLOCK_50~input ;
; Maximum fan-out                             ; 2912           ;
; Total fan-out                               ; 18901          ;
; Average fan-out                             ; 3.61           ;
+---------------------------------------------+----------------+


+--------------------------------------------------------------------------------------------------------------------------------------------------------------------------------------------------------------------------------------------------+
; Analysis & Synthesis Resource Utilization by Entity                                                                                                                                                                                              ;
+-------------------------------------------+---------------------+---------------------------+-------------------+------------+------+--------------+-------------------------------------------------------+----------------------+--------------+
; Compilation Hierarchy Node                ; Combinational ALUTs ; Dedicated Logic Registers ; Block Memory Bits ; DSP Blocks ; Pins ; Virtual Pins ; Full Hierarchy Name                                   ; Entity Name          ; Library Name ;
+-------------------------------------------+---------------------+---------------------------+-------------------+------------+------+--------------+-------------------------------------------------------+----------------------+--------------+
; |MIPS                                     ; 1877 (0)            ; 2912 (0)                  ; 0                 ; 0          ; 225  ; 0            ; |MIPS                                                 ; MIPS                 ; work         ;
;    |FluxoDados:FD|                        ; 1013 (35)           ; 864 (0)                   ; 0                 ; 0          ; 0    ; 0            ; |MIPS|FluxoDados:FD                                   ; FluxoDados           ; work         ;
;       |ROMMIPS:ROM|                       ; 36 (36)             ; 0 (0)                     ; 0                 ; 0          ; 0    ; 0            ; |MIPS|FluxoDados:FD|ROMMIPS:ROM                       ; ROMMIPS              ; work         ;
;       |ULA:ULA|                           ; 155 (155)           ; 0 (0)                     ; 0                 ; 0          ; 0    ; 0            ; |MIPS|FluxoDados:FD|ULA:ULA                           ; ULA                  ; work         ;
;       |UnidadeControleFD:UC_FD|           ; 17 (17)             ; 0 (0)                     ; 0                 ; 0          ; 0    ; 0            ; |MIPS|FluxoDados:FD|UnidadeControleFD:UC_FD           ; UnidadeControleFD    ; work         ;
;       |UnidadeControleULA:ucULA|          ; 10 (10)             ; 0 (0)                     ; 0                 ; 0          ; 0    ; 0            ; |MIPS|FluxoDados:FD|UnidadeControleULA:ucULA          ; UnidadeControleULA   ; work         ;
;       |bancoRegistradores:bancoReg|       ; 560 (560)           ; 832 (832)                 ; 0                 ; 0          ; 0    ; 0            ; |MIPS|FluxoDados:FD|bancoRegistradores:bancoReg       ; bancoRegistradores   ; work         ;
;       |estendeSinalGenerico:estendeSinal| ; 1 (1)               ; 0 (0)                     ; 0                 ; 0          ; 0    ; 0            ; |MIPS|FluxoDados:FD|estendeSinalGenerico:estendeSinal ; estendeSinalGenerico ; work         ;
;       |muxGenerico2x1:muxBancoULA|        ; 32 (32)             ; 0 (0)                     ; 0                 ; 0          ; 0    ; 0            ; |MIPS|FluxoDados:FD|muxGenerico2x1:muxBancoULA        ; muxGenerico2x1       ; work         ;
;       |muxGenerico2x1:muxLUI|             ; 15 (15)             ; 0 (0)                     ; 0                 ; 0          ; 0    ; 0            ; |MIPS|FluxoDados:FD|muxGenerico2x1:muxLUI             ; muxGenerico2x1       ; work         ;
;       |muxGenerico4x1:muxJMP|             ; 83 (83)             ; 0 (0)                     ; 0                 ; 0          ; 0    ; 0            ; |MIPS|FluxoDados:FD|muxGenerico4x1:muxJMP             ; muxGenerico4x1       ; work         ;
;       |muxGenerico4x1:muxRomBanco|        ; 5 (5)               ; 0 (0)                     ; 0                 ; 0          ; 0    ; 0            ; |MIPS|FluxoDados:FD|muxGenerico4x1:muxRomBanco        ; muxGenerico4x1       ; work         ;
;       |muxGenerico4x1:muxULABanco|        ; 32 (32)             ; 0 (0)                     ; 0                 ; 0          ; 0    ; 0            ; |MIPS|FluxoDados:FD|muxGenerico4x1:muxULABanco        ; muxGenerico4x1       ; work         ;
;       |registradorGenerico:PC|            ; 2 (2)               ; 32 (32)                   ; 0                 ; 0          ; 0    ; 0            ; |MIPS|FluxoDados:FD|registradorGenerico:PC            ; registradorGenerico  ; work         ;
;       |somaConstante:PCIncremento|        ; 30 (30)             ; 0 (0)                     ; 0                 ; 0          ; 0    ; 0            ; |MIPS|FluxoDados:FD|somaConstante:PCIncremento        ; somaConstante        ; work         ;
;    |RAMMIPS:RAM|                          ; 864 (864)           ; 2048 (2048)               ; 0                 ; 0          ; 0    ; 0            ; |MIPS|RAMMIPS:RAM                                     ; RAMMIPS              ; work         ;
+-------------------------------------------+---------------------+---------------------------+-------------------+------------+------+--------------+-------------------------------------------------------+----------------------+--------------+
Note: For table entries with two numbers listed, the numbers in parentheses indicate the number of resources of the given type used by the specific entity alone. The numbers listed outside of parentheses indicate the total resources of the given type used by the specific entity and all of its sub-entities in the hierarchy.


+---------------------------------------------------------------------------------------------------------+
; Registers Removed During Synthesis                                                                      ;
+-----------------------------------------------------------+---------------------------------------------+
; Register name                                             ; Reason for Removal                          ;
+-----------------------------------------------------------+---------------------------------------------+
; FluxoDados:FD|bancoRegistradores:bancoReg|registrador~70  ; Stuck at GND due to stuck port clock_enable ;
; FluxoDados:FD|bancoRegistradores:bancoReg|registrador~134 ; Stuck at GND due to stuck port clock_enable ;
; FluxoDados:FD|bancoRegistradores:bancoReg|registrador~102 ; Stuck at GND due to stuck port clock_enable ;
; FluxoDados:FD|bancoRegistradores:bancoReg|registrador~71  ; Stuck at GND due to stuck port clock_enable ;
; FluxoDados:FD|bancoRegistradores:bancoReg|registrador~135 ; Stuck at GND due to stuck port clock_enable ;
; FluxoDados:FD|bancoRegistradores:bancoReg|registrador~103 ; Stuck at GND due to stuck port clock_enable ;
; FluxoDados:FD|bancoRegistradores:bancoReg|registrador~72  ; Stuck at GND due to stuck port clock_enable ;
; FluxoDados:FD|bancoRegistradores:bancoReg|registrador~136 ; Stuck at GND due to stuck port clock_enable ;
; FluxoDados:FD|bancoRegistradores:bancoReg|registrador~104 ; Stuck at GND due to stuck port clock_enable ;
; FluxoDados:FD|bancoRegistradores:bancoReg|registrador~73  ; Stuck at GND due to stuck port clock_enable ;
; FluxoDados:FD|bancoRegistradores:bancoReg|registrador~137 ; Stuck at GND due to stuck port clock_enable ;
; FluxoDados:FD|bancoRegistradores:bancoReg|registrador~105 ; Stuck at GND due to stuck port clock_enable ;
; FluxoDados:FD|bancoRegistradores:bancoReg|registrador~74  ; Stuck at GND due to stuck port clock_enable ;
; FluxoDados:FD|bancoRegistradores:bancoReg|registrador~138 ; Stuck at GND due to stuck port clock_enable ;
; FluxoDados:FD|bancoRegistradores:bancoReg|registrador~106 ; Stuck at GND due to stuck port clock_enable ;
; FluxoDados:FD|bancoRegistradores:bancoReg|registrador~75  ; Stuck at GND due to stuck port clock_enable ;
; FluxoDados:FD|bancoRegistradores:bancoReg|registrador~139 ; Stuck at GND due to stuck port clock_enable ;
; FluxoDados:FD|bancoRegistradores:bancoReg|registrador~107 ; Stuck at GND due to stuck port clock_enable ;
; FluxoDados:FD|bancoRegistradores:bancoReg|registrador~76  ; Stuck at GND due to stuck port clock_enable ;
; FluxoDados:FD|bancoRegistradores:bancoReg|registrador~140 ; Stuck at GND due to stuck port clock_enable ;
; FluxoDados:FD|bancoRegistradores:bancoReg|registrador~108 ; Stuck at GND due to stuck port clock_enable ;
; FluxoDados:FD|bancoRegistradores:bancoReg|registrador~77  ; Stuck at GND due to stuck port clock_enable ;
; FluxoDados:FD|bancoRegistradores:bancoReg|registrador~141 ; Stuck at GND due to stuck port clock_enable ;
; FluxoDados:FD|bancoRegistradores:bancoReg|registrador~109 ; Stuck at GND due to stuck port clock_enable ;
; FluxoDados:FD|bancoRegistradores:bancoReg|registrador~78  ; Stuck at GND due to stuck port clock_enable ;
; FluxoDados:FD|bancoRegistradores:bancoReg|registrador~142 ; Stuck at GND due to stuck port clock_enable ;
; FluxoDados:FD|bancoRegistradores:bancoReg|registrador~110 ; Stuck at GND due to stuck port clock_enable ;
; FluxoDados:FD|bancoRegistradores:bancoReg|registrador~79  ; Stuck at GND due to stuck port clock_enable ;
; FluxoDados:FD|bancoRegistradores:bancoReg|registrador~143 ; Stuck at GND due to stuck port clock_enable ;
; FluxoDados:FD|bancoRegistradores:bancoReg|registrador~111 ; Stuck at GND due to stuck port clock_enable ;
; FluxoDados:FD|bancoRegistradores:bancoReg|registrador~80  ; Stuck at GND due to stuck port clock_enable ;
; FluxoDados:FD|bancoRegistradores:bancoReg|registrador~144 ; Stuck at GND due to stuck port clock_enable ;
; FluxoDados:FD|bancoRegistradores:bancoReg|registrador~112 ; Stuck at GND due to stuck port clock_enable ;
; FluxoDados:FD|bancoRegistradores:bancoReg|registrador~81  ; Stuck at GND due to stuck port clock_enable ;
; FluxoDados:FD|bancoRegistradores:bancoReg|registrador~145 ; Stuck at GND due to stuck port clock_enable ;
; FluxoDados:FD|bancoRegistradores:bancoReg|registrador~113 ; Stuck at GND due to stuck port clock_enable ;
; FluxoDados:FD|bancoRegistradores:bancoReg|registrador~82  ; Stuck at GND due to stuck port clock_enable ;
; FluxoDados:FD|bancoRegistradores:bancoReg|registrador~146 ; Stuck at GND due to stuck port clock_enable ;
; FluxoDados:FD|bancoRegistradores:bancoReg|registrador~114 ; Stuck at GND due to stuck port clock_enable ;
; FluxoDados:FD|bancoRegistradores:bancoReg|registrador~83  ; Stuck at GND due to stuck port clock_enable ;
; FluxoDados:FD|bancoRegistradores:bancoReg|registrador~147 ; Stuck at GND due to stuck port clock_enable ;
; FluxoDados:FD|bancoRegistradores:bancoReg|registrador~115 ; Stuck at GND due to stuck port clock_enable ;
; FluxoDados:FD|bancoRegistradores:bancoReg|registrador~84  ; Stuck at GND due to stuck port clock_enable ;
; FluxoDados:FD|bancoRegistradores:bancoReg|registrador~148 ; Stuck at GND due to stuck port clock_enable ;
; FluxoDados:FD|bancoRegistradores:bancoReg|registrador~116 ; Stuck at GND due to stuck port clock_enable ;
; FluxoDados:FD|bancoRegistradores:bancoReg|registrador~85  ; Stuck at GND due to stuck port clock_enable ;
; FluxoDados:FD|bancoRegistradores:bancoReg|registrador~149 ; Stuck at GND due to stuck port clock_enable ;
; FluxoDados:FD|bancoRegistradores:bancoReg|registrador~117 ; Stuck at GND due to stuck port clock_enable ;
; FluxoDados:FD|bancoRegistradores:bancoReg|registrador~86  ; Stuck at GND due to stuck port clock_enable ;
; FluxoDados:FD|bancoRegistradores:bancoReg|registrador~150 ; Stuck at GND due to stuck port clock_enable ;
; FluxoDados:FD|bancoRegistradores:bancoReg|registrador~118 ; Stuck at GND due to stuck port clock_enable ;
; FluxoDados:FD|bancoRegistradores:bancoReg|registrador~87  ; Stuck at GND due to stuck port clock_enable ;
; FluxoDados:FD|bancoRegistradores:bancoReg|registrador~151 ; Stuck at GND due to stuck port clock_enable ;
; FluxoDados:FD|bancoRegistradores:bancoReg|registrador~119 ; Stuck at GND due to stuck port clock_enable ;
; FluxoDados:FD|bancoRegistradores:bancoReg|registrador~88  ; Stuck at GND due to stuck port clock_enable ;
; FluxoDados:FD|bancoRegistradores:bancoReg|registrador~152 ; Stuck at GND due to stuck port clock_enable ;
; FluxoDados:FD|bancoRegistradores:bancoReg|registrador~120 ; Stuck at GND due to stuck port clock_enable ;
; FluxoDados:FD|bancoRegistradores:bancoReg|registrador~89  ; Stuck at GND due to stuck port clock_enable ;
; FluxoDados:FD|bancoRegistradores:bancoReg|registrador~153 ; Stuck at GND due to stuck port clock_enable ;
; FluxoDados:FD|bancoRegistradores:bancoReg|registrador~121 ; Stuck at GND due to stuck port clock_enable ;
; FluxoDados:FD|bancoRegistradores:bancoReg|registrador~90  ; Stuck at GND due to stuck port clock_enable ;
; FluxoDados:FD|bancoRegistradores:bancoReg|registrador~154 ; Stuck at GND due to stuck port clock_enable ;
; FluxoDados:FD|bancoRegistradores:bancoReg|registrador~122 ; Stuck at GND due to stuck port clock_enable ;
; FluxoDados:FD|bancoRegistradores:bancoReg|registrador~91  ; Stuck at GND due to stuck port clock_enable ;
; FluxoDados:FD|bancoRegistradores:bancoReg|registrador~155 ; Stuck at GND due to stuck port clock_enable ;
; FluxoDados:FD|bancoRegistradores:bancoReg|registrador~123 ; Stuck at GND due to stuck port clock_enable ;
; FluxoDados:FD|bancoRegistradores:bancoReg|registrador~92  ; Stuck at GND due to stuck port clock_enable ;
; FluxoDados:FD|bancoRegistradores:bancoReg|registrador~156 ; Stuck at GND due to stuck port clock_enable ;
; FluxoDados:FD|bancoRegistradores:bancoReg|registrador~124 ; Stuck at GND due to stuck port clock_enable ;
; FluxoDados:FD|bancoRegistradores:bancoReg|registrador~93  ; Stuck at GND due to stuck port clock_enable ;
; FluxoDados:FD|bancoRegistradores:bancoReg|registrador~157 ; Stuck at GND due to stuck port clock_enable ;
; FluxoDados:FD|bancoRegistradores:bancoReg|registrador~125 ; Stuck at GND due to stuck port clock_enable ;
; FluxoDados:FD|bancoRegistradores:bancoReg|registrador~94  ; Stuck at GND due to stuck port clock_enable ;
; FluxoDados:FD|bancoRegistradores:bancoReg|registrador~158 ; Stuck at GND due to stuck port clock_enable ;
; FluxoDados:FD|bancoRegistradores:bancoReg|registrador~126 ; Stuck at GND due to stuck port clock_enable ;
; FluxoDados:FD|bancoRegistradores:bancoReg|registrador~95  ; Stuck at GND due to stuck port clock_enable ;
; FluxoDados:FD|bancoRegistradores:bancoReg|registrador~159 ; Stuck at GND due to stuck port clock_enable ;
; FluxoDados:FD|bancoRegistradores:bancoReg|registrador~127 ; Stuck at GND due to stuck port clock_enable ;
; FluxoDados:FD|bancoRegistradores:bancoReg|registrador~96  ; Stuck at GND due to stuck port clock_enable ;
; FluxoDados:FD|bancoRegistradores:bancoReg|registrador~160 ; Stuck at GND due to stuck port clock_enable ;
; FluxoDados:FD|bancoRegistradores:bancoReg|registrador~128 ; Stuck at GND due to stuck port clock_enable ;
; FluxoDados:FD|bancoRegistradores:bancoReg|registrador~97  ; Stuck at GND due to stuck port clock_enable ;
; FluxoDados:FD|bancoRegistradores:bancoReg|registrador~161 ; Stuck at GND due to stuck port clock_enable ;
; FluxoDados:FD|bancoRegistradores:bancoReg|registrador~129 ; Stuck at GND due to stuck port clock_enable ;
; FluxoDados:FD|bancoRegistradores:bancoReg|registrador~98  ; Stuck at GND due to stuck port clock_enable ;
; FluxoDados:FD|bancoRegistradores:bancoReg|registrador~162 ; Stuck at GND due to stuck port clock_enable ;
; FluxoDados:FD|bancoRegistradores:bancoReg|registrador~130 ; Stuck at GND due to stuck port clock_enable ;
; FluxoDados:FD|bancoRegistradores:bancoReg|registrador~99  ; Stuck at GND due to stuck port clock_enable ;
; FluxoDados:FD|bancoRegistradores:bancoReg|registrador~163 ; Stuck at GND due to stuck port clock_enable ;
; FluxoDados:FD|bancoRegistradores:bancoReg|registrador~131 ; Stuck at GND due to stuck port clock_enable ;
; FluxoDados:FD|bancoRegistradores:bancoReg|registrador~100 ; Stuck at GND due to stuck port clock_enable ;
; FluxoDados:FD|bancoRegistradores:bancoReg|registrador~164 ; Stuck at GND due to stuck port clock_enable ;
; FluxoDados:FD|bancoRegistradores:bancoReg|registrador~132 ; Stuck at GND due to stuck port clock_enable ;
; FluxoDados:FD|bancoRegistradores:bancoReg|registrador~101 ; Stuck at GND due to stuck port clock_enable ;
; FluxoDados:FD|bancoRegistradores:bancoReg|registrador~165 ; Stuck at GND due to stuck port clock_enable ;
; FluxoDados:FD|bancoRegistradores:bancoReg|registrador~133 ; Stuck at GND due to stuck port clock_enable ;
; FluxoDados:FD|bancoRegistradores:bancoReg|registrador~646 ; Stuck at GND due to stuck port clock_enable ;
; FluxoDados:FD|bancoRegistradores:bancoReg|registrador~806 ; Stuck at GND due to stuck port clock_enable ;
; FluxoDados:FD|bancoRegistradores:bancoReg|registrador~870 ; Stuck at GND due to stuck port clock_enable ;
; FluxoDados:FD|bancoRegistradores:bancoReg|registrador~647 ; Stuck at GND due to stuck port clock_enable ;
; FluxoDados:FD|bancoRegistradores:bancoReg|registrador~807 ; Stuck at GND due to stuck port clock_enable ;
; FluxoDados:FD|bancoRegistradores:bancoReg|registrador~871 ; Stuck at GND due to stuck port clock_enable ;
; FluxoDados:FD|bancoRegistradores:bancoReg|registrador~648 ; Stuck at GND due to stuck port clock_enable ;
; FluxoDados:FD|bancoRegistradores:bancoReg|registrador~808 ; Stuck at GND due to stuck port clock_enable ;
; FluxoDados:FD|bancoRegistradores:bancoReg|registrador~872 ; Stuck at GND due to stuck port clock_enable ;
; FluxoDados:FD|bancoRegistradores:bancoReg|registrador~649 ; Stuck at GND due to stuck port clock_enable ;
; FluxoDados:FD|bancoRegistradores:bancoReg|registrador~809 ; Stuck at GND due to stuck port clock_enable ;
; FluxoDados:FD|bancoRegistradores:bancoReg|registrador~873 ; Stuck at GND due to stuck port clock_enable ;
; FluxoDados:FD|bancoRegistradores:bancoReg|registrador~650 ; Stuck at GND due to stuck port clock_enable ;
; FluxoDados:FD|bancoRegistradores:bancoReg|registrador~810 ; Stuck at GND due to stuck port clock_enable ;
; FluxoDados:FD|bancoRegistradores:bancoReg|registrador~874 ; Stuck at GND due to stuck port clock_enable ;
; FluxoDados:FD|bancoRegistradores:bancoReg|registrador~651 ; Stuck at GND due to stuck port clock_enable ;
; FluxoDados:FD|bancoRegistradores:bancoReg|registrador~811 ; Stuck at GND due to stuck port clock_enable ;
; FluxoDados:FD|bancoRegistradores:bancoReg|registrador~875 ; Stuck at GND due to stuck port clock_enable ;
; FluxoDados:FD|bancoRegistradores:bancoReg|registrador~652 ; Stuck at GND due to stuck port clock_enable ;
; FluxoDados:FD|bancoRegistradores:bancoReg|registrador~812 ; Stuck at GND due to stuck port clock_enable ;
; FluxoDados:FD|bancoRegistradores:bancoReg|registrador~876 ; Stuck at GND due to stuck port clock_enable ;
; FluxoDados:FD|bancoRegistradores:bancoReg|registrador~653 ; Stuck at GND due to stuck port clock_enable ;
; FluxoDados:FD|bancoRegistradores:bancoReg|registrador~813 ; Stuck at GND due to stuck port clock_enable ;
; FluxoDados:FD|bancoRegistradores:bancoReg|registrador~877 ; Stuck at GND due to stuck port clock_enable ;
; FluxoDados:FD|bancoRegistradores:bancoReg|registrador~654 ; Stuck at GND due to stuck port clock_enable ;
; FluxoDados:FD|bancoRegistradores:bancoReg|registrador~814 ; Stuck at GND due to stuck port clock_enable ;
; FluxoDados:FD|bancoRegistradores:bancoReg|registrador~878 ; Stuck at GND due to stuck port clock_enable ;
; FluxoDados:FD|bancoRegistradores:bancoReg|registrador~655 ; Stuck at GND due to stuck port clock_enable ;
; FluxoDados:FD|bancoRegistradores:bancoReg|registrador~815 ; Stuck at GND due to stuck port clock_enable ;
; FluxoDados:FD|bancoRegistradores:bancoReg|registrador~879 ; Stuck at GND due to stuck port clock_enable ;
; FluxoDados:FD|bancoRegistradores:bancoReg|registrador~656 ; Stuck at GND due to stuck port clock_enable ;
; FluxoDados:FD|bancoRegistradores:bancoReg|registrador~816 ; Stuck at GND due to stuck port clock_enable ;
; FluxoDados:FD|bancoRegistradores:bancoReg|registrador~880 ; Stuck at GND due to stuck port clock_enable ;
; FluxoDados:FD|bancoRegistradores:bancoReg|registrador~657 ; Stuck at GND due to stuck port clock_enable ;
; FluxoDados:FD|bancoRegistradores:bancoReg|registrador~817 ; Stuck at GND due to stuck port clock_enable ;
; FluxoDados:FD|bancoRegistradores:bancoReg|registrador~881 ; Stuck at GND due to stuck port clock_enable ;
; FluxoDados:FD|bancoRegistradores:bancoReg|registrador~658 ; Stuck at GND due to stuck port clock_enable ;
; FluxoDados:FD|bancoRegistradores:bancoReg|registrador~818 ; Stuck at GND due to stuck port clock_enable ;
; FluxoDados:FD|bancoRegistradores:bancoReg|registrador~882 ; Stuck at GND due to stuck port clock_enable ;
; FluxoDados:FD|bancoRegistradores:bancoReg|registrador~659 ; Stuck at GND due to stuck port clock_enable ;
; FluxoDados:FD|bancoRegistradores:bancoReg|registrador~819 ; Stuck at GND due to stuck port clock_enable ;
; FluxoDados:FD|bancoRegistradores:bancoReg|registrador~883 ; Stuck at GND due to stuck port clock_enable ;
; FluxoDados:FD|bancoRegistradores:bancoReg|registrador~660 ; Stuck at GND due to stuck port clock_enable ;
; FluxoDados:FD|bancoRegistradores:bancoReg|registrador~820 ; Stuck at GND due to stuck port clock_enable ;
; FluxoDados:FD|bancoRegistradores:bancoReg|registrador~884 ; Stuck at GND due to stuck port clock_enable ;
; FluxoDados:FD|bancoRegistradores:bancoReg|registrador~661 ; Stuck at GND due to stuck port clock_enable ;
; FluxoDados:FD|bancoRegistradores:bancoReg|registrador~821 ; Stuck at GND due to stuck port clock_enable ;
; FluxoDados:FD|bancoRegistradores:bancoReg|registrador~885 ; Stuck at GND due to stuck port clock_enable ;
; FluxoDados:FD|bancoRegistradores:bancoReg|registrador~662 ; Stuck at GND due to stuck port clock_enable ;
; FluxoDados:FD|bancoRegistradores:bancoReg|registrador~822 ; Stuck at GND due to stuck port clock_enable ;
; FluxoDados:FD|bancoRegistradores:bancoReg|registrador~886 ; Stuck at GND due to stuck port clock_enable ;
; FluxoDados:FD|bancoRegistradores:bancoReg|registrador~663 ; Stuck at GND due to stuck port clock_enable ;
; FluxoDados:FD|bancoRegistradores:bancoReg|registrador~823 ; Stuck at GND due to stuck port clock_enable ;
; FluxoDados:FD|bancoRegistradores:bancoReg|registrador~887 ; Stuck at GND due to stuck port clock_enable ;
; FluxoDados:FD|bancoRegistradores:bancoReg|registrador~664 ; Stuck at GND due to stuck port clock_enable ;
; FluxoDados:FD|bancoRegistradores:bancoReg|registrador~824 ; Stuck at GND due to stuck port clock_enable ;
; FluxoDados:FD|bancoRegistradores:bancoReg|registrador~888 ; Stuck at GND due to stuck port clock_enable ;
; FluxoDados:FD|bancoRegistradores:bancoReg|registrador~665 ; Stuck at GND due to stuck port clock_enable ;
; FluxoDados:FD|bancoRegistradores:bancoReg|registrador~825 ; Stuck at GND due to stuck port clock_enable ;
; FluxoDados:FD|bancoRegistradores:bancoReg|registrador~889 ; Stuck at GND due to stuck port clock_enable ;
; FluxoDados:FD|bancoRegistradores:bancoReg|registrador~666 ; Stuck at GND due to stuck port clock_enable ;
; FluxoDados:FD|bancoRegistradores:bancoReg|registrador~826 ; Stuck at GND due to stuck port clock_enable ;
; FluxoDados:FD|bancoRegistradores:bancoReg|registrador~890 ; Stuck at GND due to stuck port clock_enable ;
; FluxoDados:FD|bancoRegistradores:bancoReg|registrador~667 ; Stuck at GND due to stuck port clock_enable ;
; FluxoDados:FD|bancoRegistradores:bancoReg|registrador~827 ; Stuck at GND due to stuck port clock_enable ;
; FluxoDados:FD|bancoRegistradores:bancoReg|registrador~891 ; Stuck at GND due to stuck port clock_enable ;
; FluxoDados:FD|bancoRegistradores:bancoReg|registrador~668 ; Stuck at GND due to stuck port clock_enable ;
; FluxoDados:FD|bancoRegistradores:bancoReg|registrador~828 ; Stuck at GND due to stuck port clock_enable ;
; FluxoDados:FD|bancoRegistradores:bancoReg|registrador~892 ; Stuck at GND due to stuck port clock_enable ;
; FluxoDados:FD|bancoRegistradores:bancoReg|registrador~669 ; Stuck at GND due to stuck port clock_enable ;
; FluxoDados:FD|bancoRegistradores:bancoReg|registrador~829 ; Stuck at GND due to stuck port clock_enable ;
; FluxoDados:FD|bancoRegistradores:bancoReg|registrador~893 ; Stuck at GND due to stuck port clock_enable ;
; FluxoDados:FD|bancoRegistradores:bancoReg|registrador~670 ; Stuck at GND due to stuck port clock_enable ;
; FluxoDados:FD|bancoRegistradores:bancoReg|registrador~830 ; Stuck at GND due to stuck port clock_enable ;
; FluxoDados:FD|bancoRegistradores:bancoReg|registrador~894 ; Stuck at GND due to stuck port clock_enable ;
; FluxoDados:FD|bancoRegistradores:bancoReg|registrador~671 ; Stuck at GND due to stuck port clock_enable ;
; FluxoDados:FD|bancoRegistradores:bancoReg|registrador~831 ; Stuck at GND due to stuck port clock_enable ;
; FluxoDados:FD|bancoRegistradores:bancoReg|registrador~895 ; Stuck at GND due to stuck port clock_enable ;
; FluxoDados:FD|bancoRegistradores:bancoReg|registrador~672 ; Stuck at GND due to stuck port clock_enable ;
; FluxoDados:FD|bancoRegistradores:bancoReg|registrador~832 ; Stuck at GND due to stuck port clock_enable ;
; FluxoDados:FD|bancoRegistradores:bancoReg|registrador~896 ; Stuck at GND due to stuck port clock_enable ;
; FluxoDados:FD|bancoRegistradores:bancoReg|registrador~673 ; Stuck at GND due to stuck port clock_enable ;
; FluxoDados:FD|bancoRegistradores:bancoReg|registrador~833 ; Stuck at GND due to stuck port clock_enable ;
; FluxoDados:FD|bancoRegistradores:bancoReg|registrador~897 ; Stuck at GND due to stuck port clock_enable ;
; FluxoDados:FD|bancoRegistradores:bancoReg|registrador~674 ; Stuck at GND due to stuck port clock_enable ;
; FluxoDados:FD|bancoRegistradores:bancoReg|registrador~834 ; Stuck at GND due to stuck port clock_enable ;
; FluxoDados:FD|bancoRegistradores:bancoReg|registrador~898 ; Stuck at GND due to stuck port clock_enable ;
; FluxoDados:FD|bancoRegistradores:bancoReg|registrador~675 ; Stuck at GND due to stuck port clock_enable ;
; FluxoDados:FD|bancoRegistradores:bancoReg|registrador~835 ; Stuck at GND due to stuck port clock_enable ;
; FluxoDados:FD|bancoRegistradores:bancoReg|registrador~899 ; Stuck at GND due to stuck port clock_enable ;
; FluxoDados:FD|bancoRegistradores:bancoReg|registrador~676 ; Stuck at GND due to stuck port clock_enable ;
; FluxoDados:FD|bancoRegistradores:bancoReg|registrador~836 ; Stuck at GND due to stuck port clock_enable ;
; FluxoDados:FD|bancoRegistradores:bancoReg|registrador~900 ; Stuck at GND due to stuck port clock_enable ;
; FluxoDados:FD|bancoRegistradores:bancoReg|registrador~677 ; Stuck at GND due to stuck port clock_enable ;
; FluxoDados:FD|bancoRegistradores:bancoReg|registrador~837 ; Stuck at GND due to stuck port clock_enable ;
; FluxoDados:FD|bancoRegistradores:bancoReg|registrador~901 ; Stuck at GND due to stuck port clock_enable ;
; Total Number of Removed Registers = 192                   ;                                             ;
+-----------------------------------------------------------+---------------------------------------------+


+--------------------------------------------------------------------------------------------------------------------------------------------------------+
; Removed Registers Triggering Further Register Optimizations                                                                                            ;
+----------------------------------------------------------+--------------------------------+------------------------------------------------------------+
; Register name                                            ; Reason for Removal             ; Registers Removed due to This Register                     ;
+----------------------------------------------------------+--------------------------------+------------------------------------------------------------+
; FluxoDados:FD|bancoRegistradores:bancoReg|registrador~70 ; Stuck at GND                   ; FluxoDados:FD|bancoRegistradores:bancoReg|registrador~71,  ;
;                                                          ; due to stuck port clock_enable ; FluxoDados:FD|bancoRegistradores:bancoReg|registrador~135, ;
;                                                          ;                                ; FluxoDados:FD|bancoRegistradores:bancoReg|registrador~103, ;
;                                                          ;                                ; FluxoDados:FD|bancoRegistradores:bancoReg|registrador~647, ;
;                                                          ;                                ; FluxoDados:FD|bancoRegistradores:bancoReg|registrador~807, ;
;                                                          ;                                ; FluxoDados:FD|bancoRegistradores:bancoReg|registrador~871  ;
+----------------------------------------------------------+--------------------------------+------------------------------------------------------------+


+------------------------------------------------------+
; General Register Statistics                          ;
+----------------------------------------------+-------+
; Statistic                                    ; Value ;
+----------------------------------------------+-------+
; Total registers                              ; 2912  ;
; Number of registers using Synchronous Clear  ; 0     ;
; Number of registers using Synchronous Load   ; 0     ;
; Number of registers using Asynchronous Clear ; 0     ;
; Number of registers using Asynchronous Load  ; 0     ;
; Number of registers using Clock Enable       ; 2882  ;
; Number of registers using Preset             ; 0     ;
+----------------------------------------------+-------+


+----------------------------------------------------------------------------------------------------------------------------------------------------------------------------+
; Multiplexer Restructuring Statistics (Restructuring Performed)                                                                                                             ;
+--------------------+-----------+---------------+----------------------+------------------------+------------+--------------------------------------------------------------+
; Multiplexer Inputs ; Bus Width ; Baseline Area ; Area if Restructured ; Saving if Restructured ; Registered ; Example Multiplexer Output                                   ;
+--------------------+-----------+---------------+----------------------+------------------------+------------+--------------------------------------------------------------+
; 4:1                ; 2 bits    ; 4 LEs         ; 4 LEs                ; 0 LEs                  ; Yes        ; |MIPS|FluxoDados:FD|registradorGenerico:PC|DOUT[0]           ;
; 4:1                ; 4 bits    ; 8 LEs         ; 8 LEs                ; 0 LEs                  ; Yes        ; |MIPS|FluxoDados:FD|registradorGenerico:PC|DOUT[30]          ;
; 5:1                ; 25 bits   ; 75 LEs        ; 50 LEs               ; 25 LEs                 ; Yes        ; |MIPS|FluxoDados:FD|registradorGenerico:PC|DOUT[13]          ;
; 8:1                ; 31 bits   ; 155 LEs       ; 124 LEs              ; 31 LEs                 ; No         ; |MIPS|FluxoDados:FD|ULA:ULA|saida[31]                        ;
; 4:1                ; 32 bits   ; 64 LEs        ; 64 LEs               ; 0 LEs                  ; No         ; |MIPS|FluxoDados:FD|muxGenerico4x1:muxULABanco|saida_MUX[29] ;
; 8:1                ; 2 bits    ; 10 LEs        ; 10 LEs               ; 0 LEs                  ; No         ; |MIPS|FluxoDados:FD|UnidadeControleULA:ucULA|ulaCtrl[2]      ;
+--------------------+-----------+---------------+----------------------+------------------------+------------+--------------------------------------------------------------+


+----------------------------------------------------------------------+
; Parameter Settings for User Entity Instance: Top-level Entity: |MIPS ;
+----------------+-------+---------------------------------------------+
; Parameter Name ; Value ; Type                                        ;
+----------------+-------+---------------------------------------------+
; DATA_WIDTH     ; 32    ; Signed Integer                              ;
; ROM_DATA_WIDTH ; 32    ; Signed Integer                              ;
; ROM_ADDR_WIDTH ; 32    ; Signed Integer                              ;
; IncrementoPC   ; 4     ; Signed Integer                              ;
+----------------+-------+---------------------------------------------+
Note: In order to hide this table in the UI and the text report file, please set the "Show Parameter Settings in Synthesis Report" option in "Analysis and Synthesis Settings -> More Settings" to "Off".


+------------------------------------------------------------+
; Parameter Settings for User Entity Instance: FluxoDados:FD ;
+----------------+-------+-----------------------------------+
; Parameter Name ; Value ; Type                              ;
+----------------+-------+-----------------------------------+
; data_width     ; 32    ; Signed Integer                    ;
; rom_data_width ; 32    ; Signed Integer                    ;
; rom_addr_width ; 32    ; Signed Integer                    ;
; incrementopc   ; 4     ; Signed Integer                    ;
+----------------+-------+-----------------------------------+
Note: In order to hide this table in the UI and the text report file, please set the "Show Parameter Settings in Synthesis Report" option in "Analysis and Synthesis Settings -> More Settings" to "Off".


+---------------------------------------------------------------------------------------+
; Parameter Settings for User Entity Instance: FluxoDados:FD|somaConstante:PCIncremento ;
+----------------+-------+--------------------------------------------------------------+
; Parameter Name ; Value ; Type                                                         ;
+----------------+-------+--------------------------------------------------------------+
; larguradados   ; 32    ; Signed Integer                                               ;
; constante      ; 4     ; Signed Integer                                               ;
+----------------+-------+--------------------------------------------------------------+
Note: In order to hide this table in the UI and the text report file, please set the "Show Parameter Settings in Synthesis Report" option in "Analysis and Synthesis Settings -> More Settings" to "Off".


+-----------------------------------------------------------------------------------+
; Parameter Settings for User Entity Instance: FluxoDados:FD|registradorGenerico:PC ;
+----------------+-------+----------------------------------------------------------+
; Parameter Name ; Value ; Type                                                     ;
+----------------+-------+----------------------------------------------------------+
; larguradados   ; 32    ; Signed Integer                                           ;
+----------------+-------+----------------------------------------------------------+
Note: In order to hide this table in the UI and the text report file, please set the "Show Parameter Settings in Synthesis Report" option in "Analysis and Synthesis Settings -> More Settings" to "Off".


+------------------------------------------------------------------------+
; Parameter Settings for User Entity Instance: FluxoDados:FD|ROMMIPS:ROM ;
+-----------------+-------+----------------------------------------------+
; Parameter Name  ; Value ; Type                                         ;
+-----------------+-------+----------------------------------------------+
; datawidth       ; 32    ; Signed Integer                               ;
; addrwidth       ; 32    ; Signed Integer                               ;
; memoryaddrwidth ; 6     ; Signed Integer                               ;
+-----------------+-------+----------------------------------------------+
Note: In order to hide this table in the UI and the text report file, please set the "Show Parameter Settings in Synthesis Report" option in "Analysis and Synthesis Settings -> More Settings" to "Off".


+---------------------------------------------------------------------------------------+
; Parameter Settings for User Entity Instance: FluxoDados:FD|muxGenerico4x1:muxRomBanco ;
+----------------+-------+--------------------------------------------------------------+
; Parameter Name ; Value ; Type                                                         ;
+----------------+-------+--------------------------------------------------------------+
; larguradados   ; 5     ; Signed Integer                                               ;
+----------------+-------+--------------------------------------------------------------+
Note: In order to hide this table in the UI and the text report file, please set the "Show Parameter Settings in Synthesis Report" option in "Analysis and Synthesis Settings -> More Settings" to "Off".


+----------------------------------------------------------------------------------------+
; Parameter Settings for User Entity Instance: FluxoDados:FD|bancoRegistradores:bancoReg ;
+---------------------+-------+----------------------------------------------------------+
; Parameter Name      ; Value ; Type                                                     ;
+---------------------+-------+----------------------------------------------------------+
; larguradados        ; 32    ; Signed Integer                                           ;
; larguraendbancoregs ; 5     ; Signed Integer                                           ;
+---------------------+-------+----------------------------------------------------------+
Note: In order to hide this table in the UI and the text report file, please set the "Show Parameter Settings in Synthesis Report" option in "Analysis and Synthesis Settings -> More Settings" to "Off".


+----------------------------------------------------------------------------------------------+
; Parameter Settings for User Entity Instance: FluxoDados:FD|estendeSinalGenerico:estendeSinal ;
+--------------------+-------+-----------------------------------------------------------------+
; Parameter Name     ; Value ; Type                                                            ;
+--------------------+-------+-----------------------------------------------------------------+
; larguradadoentrada ; 16    ; Signed Integer                                                  ;
; larguradadosaida   ; 32    ; Signed Integer                                                  ;
+--------------------+-------+-----------------------------------------------------------------+
Note: In order to hide this table in the UI and the text report file, please set the "Show Parameter Settings in Synthesis Report" option in "Analysis and Synthesis Settings -> More Settings" to "Off".


+----------------------------------------------------------------------------------+
; Parameter Settings for User Entity Instance: FluxoDados:FD|muxGenerico2x1:muxLUI ;
+----------------+-------+---------------------------------------------------------+
; Parameter Name ; Value ; Type                                                    ;
+----------------+-------+---------------------------------------------------------+
; larguradados   ; 32    ; Signed Integer                                          ;
+----------------+-------+---------------------------------------------------------+
Note: In order to hide this table in the UI and the text report file, please set the "Show Parameter Settings in Synthesis Report" option in "Analysis and Synthesis Settings -> More Settings" to "Off".


+---------------------------------------------------------------------------------------+
; Parameter Settings for User Entity Instance: FluxoDados:FD|muxGenerico2x1:muxBancoULA ;
+----------------+-------+--------------------------------------------------------------+
; Parameter Name ; Value ; Type                                                         ;
+----------------+-------+--------------------------------------------------------------+
; larguradados   ; 32    ; Signed Integer                                               ;
+----------------+-------+--------------------------------------------------------------+
Note: In order to hide this table in the UI and the text report file, please set the "Show Parameter Settings in Synthesis Report" option in "Analysis and Synthesis Settings -> More Settings" to "Off".


+---------------------------------------------------------------------------------------+
; Parameter Settings for User Entity Instance: FluxoDados:FD|muxGenerico4x1:muxULABanco ;
+----------------+-------+--------------------------------------------------------------+
; Parameter Name ; Value ; Type                                                         ;
+----------------+-------+--------------------------------------------------------------+
; larguradados   ; 32    ; Signed Integer                                               ;
+----------------+-------+--------------------------------------------------------------+
Note: In order to hide this table in the UI and the text report file, please set the "Show Parameter Settings in Synthesis Report" option in "Analysis and Synthesis Settings -> More Settings" to "Off".


+----------------------------------------------------------------------------------+
; Parameter Settings for User Entity Instance: FluxoDados:FD|muxGenerico2x1:muxBEQ ;
+----------------+-------+---------------------------------------------------------+
; Parameter Name ; Value ; Type                                                    ;
+----------------+-------+---------------------------------------------------------+
; larguradados   ; 32    ; Signed Integer                                          ;
+----------------+-------+---------------------------------------------------------+
Note: In order to hide this table in the UI and the text report file, please set the "Show Parameter Settings in Synthesis Report" option in "Analysis and Synthesis Settings -> More Settings" to "Off".


+----------------------------------------------------------------------------------+
; Parameter Settings for User Entity Instance: FluxoDados:FD|muxGenerico4x1:muxJMP ;
+----------------+-------+---------------------------------------------------------+
; Parameter Name ; Value ; Type                                                    ;
+----------------+-------+---------------------------------------------------------+
; larguradados   ; 32    ; Signed Integer                                          ;
+----------------+-------+---------------------------------------------------------+
Note: In order to hide this table in the UI and the text report file, please set the "Show Parameter Settings in Synthesis Report" option in "Analysis and Synthesis Settings -> More Settings" to "Off".


+--------------------------------------------------------------------+
; Parameter Settings for User Entity Instance: FluxoDados:FD|ULA:ULA ;
+----------------+-------+-------------------------------------------+
; Parameter Name ; Value ; Type                                      ;
+----------------+-------+-------------------------------------------+
; larguradados   ; 32    ; Signed Integer                            ;
+----------------+-------+-------------------------------------------+
Note: In order to hide this table in the UI and the text report file, please set the "Show Parameter Settings in Synthesis Report" option in "Analysis and Synthesis Settings -> More Settings" to "Off".


+----------------------------------------------------------+
; Parameter Settings for User Entity Instance: RAMMIPS:RAM ;
+-----------------+-------+--------------------------------+
; Parameter Name  ; Value ; Type                           ;
+-----------------+-------+--------------------------------+
; datawidth       ; 32    ; Signed Integer                 ;
; addrwidth       ; 32    ; Signed Integer                 ;
; memoryaddrwidth ; 6     ; Signed Integer                 ;
+-----------------+-------+--------------------------------+
Note: In order to hide this table in the UI and the text report file, please set the "Show Parameter Settings in Synthesis Report" option in "Analysis and Synthesis Settings -> More Settings" to "Off".


+-----------------------------------------------------------------+
; Port Connectivity Checks: "FluxoDados:FD|muxGenerico4x1:muxJMP" ;
+--------------------+-------+----------+-------------------------+
; Port               ; Type  ; Severity ; Details                 ;
+--------------------+-------+----------+-------------------------+
; entradab_mux[1..0] ; Input ; Info     ; Stuck at GND            ;
; entradad_mux       ; Input ; Info     ; Stuck at GND            ;
+--------------------+-------+----------+-------------------------+


+----------------------------------------------------------------------+
; Port Connectivity Checks: "FluxoDados:FD|muxGenerico4x1:muxULABanco" ;
+--------------+-------+----------+------------------------------------+
; Port         ; Type  ; Severity ; Details                            ;
+--------------+-------+----------+------------------------------------+
; entradad_mux ; Input ; Info     ; Stuck at GND                       ;
+--------------+-------+----------+------------------------------------+


+-----------------------------------------------------------------+
; Port Connectivity Checks: "FluxoDados:FD|muxGenerico2x1:muxLUI" ;
+---------------------+-------+----------+------------------------+
; Port                ; Type  ; Severity ; Details                ;
+---------------------+-------+----------+------------------------+
; entradab_mux[15..0] ; Input ; Info     ; Stuck at GND           ;
+---------------------+-------+----------+------------------------+


+----------------------------------------------------------------------+
; Port Connectivity Checks: "FluxoDados:FD|muxGenerico4x1:muxRomBanco" ;
+--------------+-------+----------+------------------------------------+
; Port         ; Type  ; Severity ; Details                            ;
+--------------+-------+----------+------------------------------------+
; entradac_mux ; Input ; Info     ; Stuck at VCC                       ;
; entradad_mux ; Input ; Info     ; Stuck at GND                       ;
+--------------+-------+----------+------------------------------------+


+------------------------------------------------------------------+
; Port Connectivity Checks: "FluxoDados:FD|registradorGenerico:PC" ;
+--------+-------+----------+--------------------------------------+
; Port   ; Type  ; Severity ; Details                              ;
+--------+-------+----------+--------------------------------------+
; enable ; Input ; Info     ; Stuck at VCC                         ;
; rst    ; Input ; Info     ; Stuck at GND                         ;
+--------+-------+----------+--------------------------------------+


+-----------------------------------------------------+
; Post-Synthesis Netlist Statistics for Top Partition ;
+-----------------------+-----------------------------+
; Type                  ; Count                       ;
+-----------------------+-----------------------------+
; arriav_ff             ; 2912                        ;
;     ENA               ; 2882                        ;
;     plain             ; 30                          ;
; arriav_io_obuf        ; 32                          ;
; arriav_lcell_comb     ; 1877                        ;
;     arith             ; 127                         ;
;         0 data inputs ; 2                           ;
;         1 data inputs ; 31                          ;
;         4 data inputs ; 1                           ;
;         5 data inputs ; 93                          ;
;     extend            ; 161                         ;
;         7 data inputs ; 161                         ;
;     normal            ; 1589                        ;
;         1 data inputs ; 77                          ;
;         2 data inputs ; 156                         ;
;         3 data inputs ; 51                          ;
;         4 data inputs ; 98                          ;
;         5 data inputs ; 212                         ;
;         6 data inputs ; 995                         ;
; boundary_port         ; 225                         ;
;                       ;                             ;
; Max LUT depth         ; 13.00                       ;
; Average LUT depth     ; 7.68                        ;
+-----------------------+-----------------------------+


+-------------------------------+
; Elapsed Time Per Partition    ;
+----------------+--------------+
; Partition Name ; Elapsed Time ;
+----------------+--------------+
; Top            ; 00:00:18     ;
+----------------+--------------+


+-------------------------------+
; Analysis & Synthesis Messages ;
+-------------------------------+
Info: *******************************************************************
Info: Running Quartus Prime Analysis & Synthesis
    Info: Version 20.1.0 Build 711 06/05/2020 SJ Lite Edition
    Info: Processing started: Fri Nov 27 13:46:32 2020
Info: Command: quartus_map --read_settings_files=on --write_settings_files=off MIPS -c MIPS
Info (20030): Parallel compilation is enabled and will use 4 of the 4 processors detected
Info (12021): Found 2 design units, including 1 entities, in source file unidadecontroleula.vhd
    Info (12022): Found design unit 1: UnidadeControleULA-arch_name File: D:/mucha/Documents/Insper/6oSemestre/DesignComputadores/ProjetoMIPS/UnidadeControleULA.vhd Line: 19
    Info (12023): Found entity 1: UnidadeControleULA File: D:/mucha/Documents/Insper/6oSemestre/DesignComputadores/ProjetoMIPS/UnidadeControleULA.vhd Line: 6
Info (12021): Found 2 design units, including 1 entities, in source file unidadecontrolefd.vhd
    Info (12022): Found design unit 1: UnidadeControleFD-arch_name File: D:/mucha/Documents/Insper/6oSemestre/DesignComputadores/ProjetoMIPS/UnidadeControleFD.vhd Line: 19
    Info (12023): Found entity 1: UnidadeControleFD File: D:/mucha/Documents/Insper/6oSemestre/DesignComputadores/ProjetoMIPS/UnidadeControleFD.vhd Line: 6
Info (12021): Found 2 design units, including 1 entities, in source file unidadecontrole.vhd
    Info (12022): Found design unit 1: UnidadeControle-arch_name File: D:/mucha/Documents/Insper/6oSemestre/DesignComputadores/ProjetoMIPS/UnidadeControle.vhd Line: 17
    Info (12023): Found entity 1: UnidadeControle File: D:/mucha/Documents/Insper/6oSemestre/DesignComputadores/ProjetoMIPS/UnidadeControle.vhd Line: 5
Info (12021): Found 2 design units, including 1 entities, in source file ula.vhd
    Info (12022): Found design unit 1: ULA-comportamento File: D:/mucha/Documents/Insper/6oSemestre/DesignComputadores/ProjetoMIPS/ULA.vhd Line: 20
    Info (12023): Found entity 1: ULA File: D:/mucha/Documents/Insper/6oSemestre/DesignComputadores/ProjetoMIPS/ULA.vhd Line: 6
Info (12021): Found 2 design units, including 1 entities, in source file somadorcompleto1bit.vhd
    Info (12022): Found design unit 1: SomadorCompleto1bit-arch_name File: D:/mucha/Documents/Insper/6oSemestre/DesignComputadores/ProjetoMIPS/SomadorCompleto1bit.vhd Line: 19
    Info (12023): Found entity 1: SomadorCompleto1bit File: D:/mucha/Documents/Insper/6oSemestre/DesignComputadores/ProjetoMIPS/SomadorCompleto1bit.vhd Line: 5
Info (12021): Found 2 design units, including 1 entities, in source file somaconstante.vhd
    Info (12022): Found design unit 1: somaConstante-comportamento File: D:/mucha/Documents/Insper/6oSemestre/DesignComputadores/ProjetoMIPS/somaConstante.vhd Line: 18
    Info (12023): Found entity 1: somaConstante File: D:/mucha/Documents/Insper/6oSemestre/DesignComputadores/ProjetoMIPS/somaConstante.vhd Line: 5
Info (12021): Found 2 design units, including 1 entities, in source file rommips.vhd
    Info (12022): Found design unit 1: ROMMIPS-assincrona File: D:/mucha/Documents/Insper/6oSemestre/DesignComputadores/ProjetoMIPS/ROMMIPS.vhd Line: 14
    Info (12023): Found entity 1: ROMMIPS File: D:/mucha/Documents/Insper/6oSemestre/DesignComputadores/ProjetoMIPS/ROMMIPS.vhd Line: 5
Info (12021): Found 2 design units, including 1 entities, in source file registradorgenerico.vhd
    Info (12022): Found design unit 1: registradorGenerico-comportamento File: D:/mucha/Documents/Insper/6oSemestre/DesignComputadores/ProjetoMIPS/registradorGenerico.vhd Line: 15
    Info (12023): Found entity 1: registradorGenerico File: D:/mucha/Documents/Insper/6oSemestre/DesignComputadores/ProjetoMIPS/registradorGenerico.vhd Line: 4
Info (12021): Found 2 design units, including 1 entities, in source file rammips.vhd
    Info (12022): Found design unit 1: RAMMIPS-assincrona File: D:/mucha/Documents/Insper/6oSemestre/DesignComputadores/ProjetoMIPS/RAMMIPS.vhd Line: 20
    Info (12023): Found entity 1: RAMMIPS File: D:/mucha/Documents/Insper/6oSemestre/DesignComputadores/ProjetoMIPS/RAMMIPS.vhd Line: 5
Info (12021): Found 2 design units, including 1 entities, in source file muxgenerico2x1.vhd
    Info (12022): Found design unit 1: muxGenerico2x1-comportamento File: D:/mucha/Documents/Insper/6oSemestre/DesignComputadores/ProjetoMIPS/muxGenerico2x1.vhd Line: 14
    Info (12023): Found entity 1: muxGenerico2x1 File: D:/mucha/Documents/Insper/6oSemestre/DesignComputadores/ProjetoMIPS/muxGenerico2x1.vhd Line: 4
Info (12021): Found 2 design units, including 1 entities, in source file fluxodados.vhd
    Info (12022): Found design unit 1: FluxoDados-arch_name File: D:/mucha/Documents/Insper/6oSemestre/DesignComputadores/ProjetoMIPS/FluxoDados.vhd Line: 33
    Info (12023): Found entity 1: FluxoDados File: D:/mucha/Documents/Insper/6oSemestre/DesignComputadores/ProjetoMIPS/FluxoDados.vhd Line: 5
Info (12021): Found 2 design units, including 1 entities, in source file estendesinalgenerico.vhd
    Info (12022): Found design unit 1: estendeSinalGenerico-comportamento File: D:/mucha/Documents/Insper/6oSemestre/DesignComputadores/ProjetoMIPS/estendeSinalGenerico.vhd Line: 20
    Info (12023): Found entity 1: estendeSinalGenerico File: D:/mucha/Documents/Insper/6oSemestre/DesignComputadores/ProjetoMIPS/estendeSinalGenerico.vhd Line: 4
Info (12021): Found 1 design units, including 0 entities, in source file constantesmips.vhd
    Info (12022): Found design unit 1: constantesMIPS File: D:/mucha/Documents/Insper/6oSemestre/DesignComputadores/ProjetoMIPS/constantesMIPS.vhd Line: 5
Info (12021): Found 2 design units, including 1 entities, in source file bancoregistradores.vhd
    Info (12022): Found design unit 1: bancoRegistradores-comportamento File: D:/mucha/Documents/Insper/6oSemestre/DesignComputadores/ProjetoMIPS/bancoRegistradores.vhd Line: 30
    Info (12023): Found entity 1: bancoRegistradores File: D:/mucha/Documents/Insper/6oSemestre/DesignComputadores/ProjetoMIPS/bancoRegistradores.vhd Line: 7
Info (12021): Found 2 design units, including 1 entities, in source file mips.vhd
    Info (12022): Found design unit 1: MIPS-arch_name File: D:/mucha/Documents/Insper/6oSemestre/DesignComputadores/ProjetoMIPS/MIPS.vhd Line: 28
    Info (12023): Found entity 1: MIPS File: D:/mucha/Documents/Insper/6oSemestre/DesignComputadores/ProjetoMIPS/MIPS.vhd Line: 5
Info (12021): Found 2 design units, including 1 entities, in source file muxgenerico4x1.vhd
    Info (12022): Found design unit 1: muxGenerico4x1-comportamento File: D:/mucha/Documents/Insper/6oSemestre/DesignComputadores/ProjetoMIPS/muxGenerico4x1.vhd Line: 14
    Info (12023): Found entity 1: muxGenerico4x1 File: D:/mucha/Documents/Insper/6oSemestre/DesignComputadores/ProjetoMIPS/muxGenerico4x1.vhd Line: 4
Info (12127): Elaborating entity "MIPS" for the top level hierarchy
Info (12128): Elaborating entity "FluxoDados" for hierarchy "FluxoDados:FD" File: D:/mucha/Documents/Insper/6oSemestre/DesignComputadores/ProjetoMIPS/MIPS.vhd Line: 41
Info (12128): Elaborating entity "somaConstante" for hierarchy "FluxoDados:FD|somaConstante:PCIncremento" File: D:/mucha/Documents/Insper/6oSemestre/DesignComputadores/ProjetoMIPS/FluxoDados.vhd Line: 98
Info (12128): Elaborating entity "registradorGenerico" for hierarchy "FluxoDados:FD|registradorGenerico:PC" File: D:/mucha/Documents/Insper/6oSemestre/DesignComputadores/ProjetoMIPS/FluxoDados.vhd Line: 101
Info (12128): Elaborating entity "ROMMIPS" for hierarchy "FluxoDados:FD|ROMMIPS:ROM" File: D:/mucha/Documents/Insper/6oSemestre/DesignComputadores/ProjetoMIPS/FluxoDados.vhd Line: 104
Warning (10541): VHDL Signal Declaration warning at ROMMIPS.vhd(17): used implicit default value for signal "memROM" because signal was never assigned a value or an explicit default value. Use of implicit default value may introduce unintended design optimizations. File: D:/mucha/Documents/Insper/6oSemestre/DesignComputadores/ProjetoMIPS/ROMMIPS.vhd Line: 17
Info (12128): Elaborating entity "muxGenerico4x1" for hierarchy "FluxoDados:FD|muxGenerico4x1:muxRomBanco" File: D:/mucha/Documents/Insper/6oSemestre/DesignComputadores/ProjetoMIPS/FluxoDados.vhd Line: 107
Info (12128): Elaborating entity "bancoRegistradores" for hierarchy "FluxoDados:FD|bancoRegistradores:bancoReg" File: D:/mucha/Documents/Insper/6oSemestre/DesignComputadores/ProjetoMIPS/FluxoDados.vhd Line: 110
Info (12128): Elaborating entity "estendeSinalGenerico" for hierarchy "FluxoDados:FD|estendeSinalGenerico:estendeSinal" File: D:/mucha/Documents/Insper/6oSemestre/DesignComputadores/ProjetoMIPS/FluxoDados.vhd Line: 120
Info (12128): Elaborating entity "muxGenerico2x1" for hierarchy "FluxoDados:FD|muxGenerico2x1:muxLUI" File: D:/mucha/Documents/Insper/6oSemestre/DesignComputadores/ProjetoMIPS/FluxoDados.vhd Line: 125
Info (12128): Elaborating entity "muxGenerico4x1" for hierarchy "FluxoDados:FD|muxGenerico4x1:muxULABanco" File: D:/mucha/Documents/Insper/6oSemestre/DesignComputadores/ProjetoMIPS/FluxoDados.vhd Line: 132
Info (12128): Elaborating entity "UnidadeControleFD" for hierarchy "FluxoDados:FD|UnidadeControleFD:UC_FD" File: D:/mucha/Documents/Insper/6oSemestre/DesignComputadores/ProjetoMIPS/FluxoDados.vhd Line: 149
Info (12128): Elaborating entity "UnidadeControleULA" for hierarchy "FluxoDados:FD|UnidadeControleULA:ucULA" File: D:/mucha/Documents/Insper/6oSemestre/DesignComputadores/ProjetoMIPS/FluxoDados.vhd Line: 151
Info (12128): Elaborating entity "ULA" for hierarchy "FluxoDados:FD|ULA:ULA" File: D:/mucha/Documents/Insper/6oSemestre/DesignComputadores/ProjetoMIPS/FluxoDados.vhd Line: 157
Info (12128): Elaborating entity "RAMMIPS" for hierarchy "RAMMIPS:RAM" File: D:/mucha/Documents/Insper/6oSemestre/DesignComputadores/ProjetoMIPS/MIPS.vhd Line: 45
Info (276014): Found 3 instances of uninferred RAM logic
    Info (276007): RAM logic "RAMMIPS:RAM|memRAM" is uninferred due to asynchronous read logic File: D:/mucha/Documents/Insper/6oSemestre/DesignComputadores/ProjetoMIPS/RAMMIPS.vhd Line: 23
    Info (276007): RAM logic "FluxoDados:FD|bancoRegistradores:bancoReg|registrador" is uninferred due to asynchronous read logic File: D:/mucha/Documents/Insper/6oSemestre/DesignComputadores/ProjetoMIPS/bancoRegistradores.vhd Line: 50
    Info (276004): RAM logic "FluxoDados:FD|ROMMIPS:ROM|memROM" is uninferred due to inappropriate RAM size File: D:/mucha/Documents/Insper/6oSemestre/DesignComputadores/ProjetoMIPS/ROMMIPS.vhd Line: 17
Warning (113028): 14 out of 64 addresses are uninitialized. The Quartus Prime software will initialize them to "0". There are 2 warnings found, and 2 warnings are reported. File: D:/mucha/Documents/Insper/6oSemestre/DesignComputadores/ProjetoMIPS/ROMcontent.mif Line: 1
    Warning (113026): Memory Initialization File Address 16 is not initialized File: D:/mucha/Documents/Insper/6oSemestre/DesignComputadores/ProjetoMIPS/ROMcontent.mif Line: 1
    Warning (113027): Addresses ranging from 18 to 30 are not initialized File: D:/mucha/Documents/Insper/6oSemestre/DesignComputadores/ProjetoMIPS/ROMcontent.mif Line: 1
Warning (13046): Tri-state node(s) do not directly drive top-level pin(s)
    Warning (13047): Converted the fan-out from the tri-state buffer "RAMMIPS:RAM|Dado_out[0]" to the node "FluxoDados:FD|muxGenerico4x1:muxULABanco|saida_MUX[0]" into an OR gate File: D:/mucha/Documents/Insper/6oSemestre/DesignComputadores/ProjetoMIPS/RAMMIPS.vhd Line: 13
    Warning (13047): Converted the fan-out from the tri-state buffer "RAMMIPS:RAM|Dado_out[1]" to the node "FluxoDados:FD|muxGenerico4x1:muxULABanco|saida_MUX[1]" into an OR gate File: D:/mucha/Documents/Insper/6oSemestre/DesignComputadores/ProjetoMIPS/RAMMIPS.vhd Line: 13
    Warning (13047): Converted the fan-out from the tri-state buffer "RAMMIPS:RAM|Dado_out[2]" to the node "FluxoDados:FD|muxGenerico4x1:muxULABanco|saida_MUX[2]" into an OR gate File: D:/mucha/Documents/Insper/6oSemestre/DesignComputadores/ProjetoMIPS/RAMMIPS.vhd Line: 13
    Warning (13047): Converted the fan-out from the tri-state buffer "RAMMIPS:RAM|Dado_out[3]" to the node "FluxoDados:FD|muxGenerico4x1:muxULABanco|saida_MUX[3]" into an OR gate File: D:/mucha/Documents/Insper/6oSemestre/DesignComputadores/ProjetoMIPS/RAMMIPS.vhd Line: 13
    Warning (13047): Converted the fan-out from the tri-state buffer "RAMMIPS:RAM|Dado_out[4]" to the node "FluxoDados:FD|muxGenerico4x1:muxULABanco|saida_MUX[4]" into an OR gate File: D:/mucha/Documents/Insper/6oSemestre/DesignComputadores/ProjetoMIPS/RAMMIPS.vhd Line: 13
    Warning (13047): Converted the fan-out from the tri-state buffer "RAMMIPS:RAM|Dado_out[5]" to the node "FluxoDados:FD|muxGenerico4x1:muxULABanco|saida_MUX[5]" into an OR gate File: D:/mucha/Documents/Insper/6oSemestre/DesignComputadores/ProjetoMIPS/RAMMIPS.vhd Line: 13
    Warning (13047): Converted the fan-out from the tri-state buffer "RAMMIPS:RAM|Dado_out[6]" to the node "FluxoDados:FD|muxGenerico4x1:muxULABanco|saida_MUX[6]" into an OR gate File: D:/mucha/Documents/Insper/6oSemestre/DesignComputadores/ProjetoMIPS/RAMMIPS.vhd Line: 13
    Warning (13047): Converted the fan-out from the tri-state buffer "RAMMIPS:RAM|Dado_out[7]" to the node "FluxoDados:FD|muxGenerico4x1:muxULABanco|saida_MUX[7]" into an OR gate File: D:/mucha/Documents/Insper/6oSemestre/DesignComputadores/ProjetoMIPS/RAMMIPS.vhd Line: 13
    Warning (13047): Converted the fan-out from the tri-state buffer "RAMMIPS:RAM|Dado_out[8]" to the node "FluxoDados:FD|muxGenerico4x1:muxULABanco|saida_MUX[8]" into an OR gate File: D:/mucha/Documents/Insper/6oSemestre/DesignComputadores/ProjetoMIPS/RAMMIPS.vhd Line: 13
    Warning (13047): Converted the fan-out from the tri-state buffer "RAMMIPS:RAM|Dado_out[9]" to the node "FluxoDados:FD|muxGenerico4x1:muxULABanco|saida_MUX[9]" into an OR gate File: D:/mucha/Documents/Insper/6oSemestre/DesignComputadores/ProjetoMIPS/RAMMIPS.vhd Line: 13
    Warning (13047): Converted the fan-out from the tri-state buffer "RAMMIPS:RAM|Dado_out[10]" to the node "FluxoDados:FD|muxGenerico4x1:muxULABanco|saida_MUX[10]" into an OR gate File: D:/mucha/Documents/Insper/6oSemestre/DesignComputadores/ProjetoMIPS/RAMMIPS.vhd Line: 13
    Warning (13047): Converted the fan-out from the tri-state buffer "RAMMIPS:RAM|Dado_out[11]" to the node "FluxoDados:FD|muxGenerico4x1:muxULABanco|saida_MUX[11]" into an OR gate File: D:/mucha/Documents/Insper/6oSemestre/DesignComputadores/ProjetoMIPS/RAMMIPS.vhd Line: 13
    Warning (13047): Converted the fan-out from the tri-state buffer "RAMMIPS:RAM|Dado_out[12]" to the node "FluxoDados:FD|muxGenerico4x1:muxULABanco|saida_MUX[12]" into an OR gate File: D:/mucha/Documents/Insper/6oSemestre/DesignComputadores/ProjetoMIPS/RAMMIPS.vhd Line: 13
    Warning (13047): Converted the fan-out from the tri-state buffer "RAMMIPS:RAM|Dado_out[13]" to the node "FluxoDados:FD|muxGenerico4x1:muxULABanco|saida_MUX[13]" into an OR gate File: D:/mucha/Documents/Insper/6oSemestre/DesignComputadores/ProjetoMIPS/RAMMIPS.vhd Line: 13
    Warning (13047): Converted the fan-out from the tri-state buffer "RAMMIPS:RAM|Dado_out[14]" to the node "FluxoDados:FD|muxGenerico4x1:muxULABanco|saida_MUX[14]" into an OR gate File: D:/mucha/Documents/Insper/6oSemestre/DesignComputadores/ProjetoMIPS/RAMMIPS.vhd Line: 13
    Warning (13047): Converted the fan-out from the tri-state buffer "RAMMIPS:RAM|Dado_out[15]" to the node "FluxoDados:FD|muxGenerico4x1:muxULABanco|saida_MUX[15]" into an OR gate File: D:/mucha/Documents/Insper/6oSemestre/DesignComputadores/ProjetoMIPS/RAMMIPS.vhd Line: 13
    Warning (13047): Converted the fan-out from the tri-state buffer "RAMMIPS:RAM|Dado_out[16]" to the node "FluxoDados:FD|muxGenerico4x1:muxULABanco|saida_MUX[16]" into an OR gate File: D:/mucha/Documents/Insper/6oSemestre/DesignComputadores/ProjetoMIPS/RAMMIPS.vhd Line: 13
    Warning (13047): Converted the fan-out from the tri-state buffer "RAMMIPS:RAM|Dado_out[17]" to the node "FluxoDados:FD|muxGenerico4x1:muxULABanco|saida_MUX[17]" into an OR gate File: D:/mucha/Documents/Insper/6oSemestre/DesignComputadores/ProjetoMIPS/RAMMIPS.vhd Line: 13
    Warning (13047): Converted the fan-out from the tri-state buffer "RAMMIPS:RAM|Dado_out[18]" to the node "FluxoDados:FD|muxGenerico4x1:muxULABanco|saida_MUX[18]" into an OR gate File: D:/mucha/Documents/Insper/6oSemestre/DesignComputadores/ProjetoMIPS/RAMMIPS.vhd Line: 13
    Warning (13047): Converted the fan-out from the tri-state buffer "RAMMIPS:RAM|Dado_out[19]" to the node "FluxoDados:FD|muxGenerico4x1:muxULABanco|saida_MUX[19]" into an OR gate File: D:/mucha/Documents/Insper/6oSemestre/DesignComputadores/ProjetoMIPS/RAMMIPS.vhd Line: 13
    Warning (13047): Converted the fan-out from the tri-state buffer "RAMMIPS:RAM|Dado_out[20]" to the node "FluxoDados:FD|muxGenerico4x1:muxULABanco|saida_MUX[20]" into an OR gate File: D:/mucha/Documents/Insper/6oSemestre/DesignComputadores/ProjetoMIPS/RAMMIPS.vhd Line: 13
    Warning (13047): Converted the fan-out from the tri-state buffer "RAMMIPS:RAM|Dado_out[21]" to the node "FluxoDados:FD|muxGenerico4x1:muxULABanco|saida_MUX[21]" into an OR gate File: D:/mucha/Documents/Insper/6oSemestre/DesignComputadores/ProjetoMIPS/RAMMIPS.vhd Line: 13
    Warning (13047): Converted the fan-out from the tri-state buffer "RAMMIPS:RAM|Dado_out[22]" to the node "FluxoDados:FD|muxGenerico4x1:muxULABanco|saida_MUX[22]" into an OR gate File: D:/mucha/Documents/Insper/6oSemestre/DesignComputadores/ProjetoMIPS/RAMMIPS.vhd Line: 13
    Warning (13047): Converted the fan-out from the tri-state buffer "RAMMIPS:RAM|Dado_out[23]" to the node "FluxoDados:FD|muxGenerico4x1:muxULABanco|saida_MUX[23]" into an OR gate File: D:/mucha/Documents/Insper/6oSemestre/DesignComputadores/ProjetoMIPS/RAMMIPS.vhd Line: 13
    Warning (13047): Converted the fan-out from the tri-state buffer "RAMMIPS:RAM|Dado_out[24]" to the node "FluxoDados:FD|muxGenerico4x1:muxULABanco|saida_MUX[24]" into an OR gate File: D:/mucha/Documents/Insper/6oSemestre/DesignComputadores/ProjetoMIPS/RAMMIPS.vhd Line: 13
    Warning (13047): Converted the fan-out from the tri-state buffer "RAMMIPS:RAM|Dado_out[25]" to the node "FluxoDados:FD|muxGenerico4x1:muxULABanco|saida_MUX[25]" into an OR gate File: D:/mucha/Documents/Insper/6oSemestre/DesignComputadores/ProjetoMIPS/RAMMIPS.vhd Line: 13
    Warning (13047): Converted the fan-out from the tri-state buffer "RAMMIPS:RAM|Dado_out[26]" to the node "FluxoDados:FD|muxGenerico4x1:muxULABanco|saida_MUX[26]" into an OR gate File: D:/mucha/Documents/Insper/6oSemestre/DesignComputadores/ProjetoMIPS/RAMMIPS.vhd Line: 13
    Warning (13047): Converted the fan-out from the tri-state buffer "RAMMIPS:RAM|Dado_out[27]" to the node "FluxoDados:FD|muxGenerico4x1:muxULABanco|saida_MUX[27]" into an OR gate File: D:/mucha/Documents/Insper/6oSemestre/DesignComputadores/ProjetoMIPS/RAMMIPS.vhd Line: 13
    Warning (13047): Converted the fan-out from the tri-state buffer "RAMMIPS:RAM|Dado_out[28]" to the node "FluxoDados:FD|muxGenerico4x1:muxULABanco|saida_MUX[28]" into an OR gate File: D:/mucha/Documents/Insper/6oSemestre/DesignComputadores/ProjetoMIPS/RAMMIPS.vhd Line: 13
    Warning (13047): Converted the fan-out from the tri-state buffer "RAMMIPS:RAM|Dado_out[29]" to the node "FluxoDados:FD|muxGenerico4x1:muxULABanco|saida_MUX[29]" into an OR gate File: D:/mucha/Documents/Insper/6oSemestre/DesignComputadores/ProjetoMIPS/RAMMIPS.vhd Line: 13
    Warning (13047): Converted the fan-out from the tri-state buffer "RAMMIPS:RAM|Dado_out[30]" to the node "FluxoDados:FD|muxGenerico4x1:muxULABanco|saida_MUX[30]" into an OR gate File: D:/mucha/Documents/Insper/6oSemestre/DesignComputadores/ProjetoMIPS/RAMMIPS.vhd Line: 13
    Warning (13047): Converted the fan-out from the tri-state buffer "RAMMIPS:RAM|Dado_out[31]" to the node "FluxoDados:FD|muxGenerico4x1:muxULABanco|saida_MUX[31]" into an OR gate File: D:/mucha/Documents/Insper/6oSemestre/DesignComputadores/ProjetoMIPS/RAMMIPS.vhd Line: 13
Info (286030): Timing-Driven Synthesis is running
Info (16010): Generating hard_block partition "hard_block:auto_generated_inst"
    Info (16011): Adding 0 node(s), including 0 DDIO, 0 PLL, 0 transceiver and 0 LCELL
Info (21057): Implemented 4905 device resources after synthesis - the final resource count might be different
    Info (21058): Implemented 1 input pins
    Info (21059): Implemented 224 output pins
    Info (21061): Implemented 4680 logic cells
Info: Quartus Prime Analysis & Synthesis was successful. 0 errors, 37 warnings
    Info: Peak virtual memory: 4880 megabytes
    Info: Processing ended: Fri Nov 27 13:47:14 2020
    Info: Elapsed time: 00:00:42
    Info: Total CPU time (on all processors): 00:00:57


